Build started 19/4/2016 10:58:16 AM.
     1>Project "C:\Users\SK\Documents\Amxx Modules\Amxx sdk\amxmodx-master\modules\orpheu2.3Orion\msvc8\orpheu.vcxproj" on node 2 (Build target(s)).
     1>ClCompile:
         E:\Program Files\Microsoft Visual Studio 11.0\VC\bin\CL.exe /c /I..\ /I..\include /I..\sdk /I"C:\Users\SK\Documents\Amxx Modules\hlsdk\public" /I"C:\Users\SK\Documents\Amxx Modules\metamod\metamod" /I"C:\Users\SK\Documents\Amxx Modules\metamod" /I"C:\Users\SK\Documents\Amxx Modules\hlsdk\common" /I"C:\Users\SK\Documents\Amxx Modules\hlsdk\engine" /I"C:\Users\SK\Documents\Amxx Modules\hlsdk\dlls" /I"C:\Users\SK\Documents\Amxx Modules\hlsdk\pm_shared" /Zi /nologo /W3 /WX- /O2 /Ob1 /Oy- /D WIN32 /D NDEBUG /D _WINDOWS /D _USRDLL /D FUN_EXPORTS /D _VC80_UPGRADE=0x0710 /D _WINDLL /D _MBCS /GF /Gm- /EHsc /MT /GS /Gy /fp:precise /Zc:wchar_t /Zc:forScope /GR- /Fo".\Release/" /Fd".\Release/vc110.pdb" /FR".\Release\\" /Gd /TP /analyze- /errorReport:prompt ..\CDetourDis.cpp ..\configManager.cpp ..\filesManager.cpp ..\function.cpp ..\functionManager.cpp ..\functionStructuresManager.cpp ..\functionVirtualManager.cpp ..\global.cpp ..\hooker.cpp ..\librariesManager.cpp ..\memory.cpp ..\memoryStructureManager.cpp ..\orpheu.cpp ..\structHandler.cpp ..\typeHandlerManager.cpp ..\typeHandlerImplementations\boolHandler.cpp ..\typeHandlerImplementations\byteHandler.cpp ..\typeHandlerImplementations\CBaseEntityHandler.cpp ..\typeHandlerImplementations\charArrHandler.cpp ..\typeHandlerImplementations\charHandler.cpp ..\typeHandlerImplementations\charPtrHandler.cpp ..\typeHandlerImplementations\CMBaseMonsterHandler.cpp ..\typeHandlerImplementations\edict_sPtrHandler.cpp ..\typeHandlerImplementations\entvarHandler.cpp ..\typeHandlerImplementations\floatHandler.cpp ..\typeHandlerImplementations\longHandler.cpp ..\typeHandlerImplementations\short.cpp ..\typeHandlerImplementations\VectorHandler.cpp ..\typeHandlerImplementations\VectorPointerHandler.cpp ..\json\json_reader.cpp ..\json\json_value.cpp ..\sdk\amxxmodule.cpp
         CDetourDis.cpp
         configManager.cpp
     1>C:\Users\SK\Documents\Amxx Modules\Amxx sdk\amxmodx-master\modules\orpheu2.3Orion\include\filesManager.h(5): fatal error C1083: Cannot open include file: 'boost/filesystem/operations.hpp': No such file or directory
         filesManager.cpp
     1>C:\Users\SK\Documents\Amxx Modules\Amxx sdk\amxmodx-master\modules\orpheu2.3Orion\include\filesManager.h(5): fatal error C1083: Cannot open include file: 'boost/filesystem/operations.hpp': No such file or directory
         function.cpp
         functionManager.cpp
     1>C:\Users\SK\Documents\Amxx Modules\Amxx sdk\amxmodx-master\modules\orpheu2.3Orion\include\sm_trie_tpl.h(936): warning C4996: 'strcpy': This function or variable may be unsafe. Consider using strcpy_s instead. To disable deprecation, use _CRT_SECURE_NO_WARNINGS. See online help for details.
                 E:\Program Files\Microsoft Visual Studio 11.0\VC\include\string.h(110) : see declaration of 'strcpy'
                 C:\Users\SK\Documents\Amxx Modules\Amxx sdk\amxmodx-master\modules\orpheu2.3Orion\include\sm_trie_tpl.h(923) : while compiling class template member function 'unsigned int KTrie<K>::x_addstring(const char *)'
                 with
                 [
                     K=time_t
                 ]
                 C:\Users\SK\Documents\Amxx Modules\Amxx sdk\amxmodx-master\modules\orpheu2.3Orion\include\sm_trie_tpl.h(205) : see reference to function template instantiation 'unsigned int KTrie<K>::x_addstring(const char *)' being compiled
                 with
                 [
                     K=time_t
                 ]
                 ..\functionManager.cpp(6) : see reference to class template instantiation 'KTrie<K>' being compiled
                 with
                 [
                     K=time_t
                 ]
                 E:\Program Files\Microsoft Visual Studio 11.0\VC\include\string.h(110) : see declaration of 'strcpy'
         functionStructuresManager.cpp
     1>C:\Users\SK\Documents\Amxx Modules\Amxx sdk\amxmodx-master\modules\orpheu2.3Orion\include\sm_trie_tpl.h(936): warning C4996: 'strcpy': This function or variable may be unsafe. Consider using strcpy_s instead. To disable deprecation, use _CRT_SECURE_NO_WARNINGS. See online help for details.
                 E:\Program Files\Microsoft Visual Studio 11.0\VC\include\string.h(110) : see declaration of 'strcpy'
                 C:\Users\SK\Documents\Amxx Modules\Amxx sdk\amxmodx-master\modules\orpheu2.3Orion\include\sm_trie_tpl.h(923) : while compiling class template member function 'unsigned int KTrie<K>::x_addstring(const char *)'
                 with
                 [
                     K=time_t
                 ]
                 C:\Users\SK\Documents\Amxx Modules\Amxx sdk\amxmodx-master\modules\orpheu2.3Orion\include\sm_trie_tpl.h(205) : see reference to function template instantiation 'unsigned int KTrie<K>::x_addstring(const char *)' being compiled
                 with
                 [
                     K=time_t
                 ]
                 C:\Users\SK\Documents\Amxx Modules\Amxx sdk\amxmodx-master\modules\orpheu2.3Orion\include\functionStructuresManager.h(16) : see reference to class template instantiation 'KTrie<K>' being compiled
                 with
                 [
                     K=time_t
                 ]
                 E:\Program Files\Microsoft Visual Studio 11.0\VC\include\string.h(110) : see declaration of 'strcpy'
         functionVirtualManager.cpp
     1>C:\Users\SK\Documents\Amxx Modules\Amxx sdk\amxmodx-master\modules\orpheu2.3Orion\include\sm_trie_tpl.h(936): warning C4996: 'strcpy': This function or variable may be unsafe. Consider using strcpy_s instead. To disable deprecation, use _CRT_SECURE_NO_WARNINGS. See online help for details.
                 E:\Program Files\Microsoft Visual Studio 11.0\VC\include\string.h(110) : see declaration of 'strcpy'
                 C:\Users\SK\Documents\Amxx Modules\Amxx sdk\amxmodx-master\modules\orpheu2.3Orion\include\sm_trie_tpl.h(923) : while compiling class template member function 'unsigned int KTrie<K>::x_addstring(const char *)'
                 with
                 [
                     K=time_t
                 ]
                 C:\Users\SK\Documents\Amxx Modules\Amxx sdk\amxmodx-master\modules\orpheu2.3Orion\include\sm_trie_tpl.h(205) : see reference to function template instantiation 'unsigned int KTrie<K>::x_addstring(const char *)' being compiled
                 with
                 [
                     K=time_t
                 ]
                 C:\Users\SK\Documents\Amxx Modules\Amxx sdk\amxmodx-master\modules\orpheu2.3Orion\include\functionVirtualManager.h(16) : see reference to class template instantiation 'KTrie<K>' being compiled
                 with
                 [
                     K=time_t
                 ]
                 E:\Program Files\Microsoft Visual Studio 11.0\VC\include\string.h(110) : see declaration of 'strcpy'
         global.cpp
         hooker.cpp
         librariesManager.cpp
     1>C:\Users\SK\Documents\Amxx Modules\Amxx sdk\amxmodx-master\modules\orpheu2.3Orion\include\sm_trie_tpl.h(936): warning C4996: 'strcpy': This function or variable may be unsafe. Consider using strcpy_s instead. To disable deprecation, use _CRT_SECURE_NO_WARNINGS. See online help for details.
                 E:\Program Files\Microsoft Visual Studio 11.0\VC\include\string.h(110) : see declaration of 'strcpy'
                 C:\Users\SK\Documents\Amxx Modules\Amxx sdk\amxmodx-master\modules\orpheu2.3Orion\include\sm_trie_tpl.h(923) : while compiling class template member function 'unsigned int KTrie<K>::x_addstring(const char *)'
                 with
                 [
                     K=LibraryInfo *
                 ]
                 C:\Users\SK\Documents\Amxx Modules\Amxx sdk\amxmodx-master\modules\orpheu2.3Orion\include\sm_trie_tpl.h(205) : see reference to function template instantiation 'unsigned int KTrie<K>::x_addstring(const char *)' being compiled
                 with
                 [
                     K=LibraryInfo *
                 ]
                 ..\librariesManager.cpp(21) : see reference to class template instantiation 'KTrie<K>' being compiled
                 with
                 [
                     K=LibraryInfo *
                 ]
         memory.cpp
         memoryStructureManager.cpp
     1>C:\Users\SK\Documents\Amxx Modules\Amxx sdk\amxmodx-master\modules\orpheu2.3Orion\include\sm_trie_tpl.h(936): warning C4996: 'strcpy': This function or variable may be unsafe. Consider using strcpy_s instead. To disable deprecation, use _CRT_SECURE_NO_WARNINGS. See online help for details.
                 E:\Program Files\Microsoft Visual Studio 11.0\VC\include\string.h(110) : see declaration of 'strcpy'
                 C:\Users\SK\Documents\Amxx Modules\Amxx sdk\amxmodx-master\modules\orpheu2.3Orion\include\sm_trie_tpl.h(923) : while compiling class template member function 'unsigned int KTrie<K>::x_addstring(const char *)'
                 with
                 [
                     K=unsigned int
                 ]
                 C:\Users\SK\Documents\Amxx Modules\Amxx sdk\amxmodx-master\modules\orpheu2.3Orion\include\sm_trie_tpl.h(205) : see reference to function template instantiation 'unsigned int KTrie<K>::x_addstring(const char *)' being compiled
                 with
                 [
                     K=unsigned int
                 ]
                 C:\Users\SK\Documents\Amxx Modules\Amxx sdk\amxmodx-master\modules\orpheu2.3Orion\include\memoryStructureManager.h(15) : see reference to class template instantiation 'KTrie<K>' being compiled
                 with
                 [
                     K=unsigned int
                 ]
         orpheu.cpp
         structHandler.cpp
         typeHandlerManager.cpp
     1>C:\Users\SK\Documents\Amxx Modules\Amxx sdk\amxmodx-master\modules\orpheu2.3Orion\include\sm_trie_tpl.h(936): warning C4996: 'strcpy': This function or variable may be unsafe. Consider using strcpy_s instead. To disable deprecation, use _CRT_SECURE_NO_WARNINGS. See online help for details.
                 E:\Program Files\Microsoft Visual Studio 11.0\VC\include\string.h(110) : see declaration of 'strcpy'
                 C:\Users\SK\Documents\Amxx Modules\Amxx sdk\amxmodx-master\modules\orpheu2.3Orion\include\sm_trie_tpl.h(923) : while compiling class template member function 'unsigned int KTrie<K>::x_addstring(const char *)'
                 with
                 [
                     K=TypeHandler *
                 ]
                 C:\Users\SK\Documents\Amxx Modules\Amxx sdk\amxmodx-master\modules\orpheu2.3Orion\include\sm_trie_tpl.h(205) : see reference to function template instantiation 'unsigned int KTrie<K>::x_addstring(const char *)' being compiled
                 with
                 [
                     K=TypeHandler *
                 ]
                 ..\typeHandlerManager.cpp(6) : see reference to class template instantiation 'KTrie<K>' being compiled
                 with
                 [
                     K=TypeHandler *
                 ]
         boolHandler.cpp
     1>..\typeHandlerImplementations\boolHandler.cpp(13): warning C4800: 'long' : forcing value to bool 'true' or 'false' (performance warning)
     1>C:\Users\SK\Documents\Amxx Modules\Amxx sdk\amxmodx-master\modules\orpheu2.3Orion\include\typeHandler.h(79): warning C4800: 'long' : forcing value to bool 'true' or 'false' (performance warning)
                 ..\typeHandlerImplementations\boolHandler.cpp(18) : see reference to function template instantiation 'void TypeHandler::convertFromAmxToStructureStandard<bool>(AMX *,cell,void *)' being compiled
         byteHandler.cpp
         CBaseEntityHandler.cpp
         charArrHandler.cpp
         charHandler.cpp
         Generating Code...
         Compiling...
         charPtrHandler.cpp
         CMBaseMonsterHandler.cpp
         edict_sPtrHandler.cpp
         entvarHandler.cpp
         floatHandler.cpp
         longHandler.cpp
         short.cpp
         VectorHandler.cpp
         VectorPointerHandler.cpp
         json_reader.cpp
         json_value.cpp
         amxxmodule.cpp
     1>..\sdk\amxxmodule.cpp(2243): error C2733: 'Meta_Query' : second C linkage of overloaded function not allowed
                 C:\Users\SK\Documents\Amxx Modules\metamod\metamod\meta_api.h(134) : see declaration of 'Meta_Query'
         Generating Code...
     1>Done Building Project "C:\Users\SK\Documents\Amxx Modules\Amxx sdk\amxmodx-master\modules\orpheu2.3Orion\msvc8\orpheu.vcxproj" (Build target(s)) -- FAILED.

Build FAILED.

Time Elapsed 00:03:50.42
