C:\USERS\SK\DOCUMENTS\AMXX MODULES\AMXX SDK\AMXMODX-MASTER\MODULES\ORPHEU2.3ORION\MSVC8\RELEASE\CDETOURDIS.SBR
C:\USERS\SK\DOCUMENTS\AMXX MODULES\AMXX SDK\AMXMODX-MASTER\MODULES\ORPHEU2.3ORION\MSVC8\RELEASE\LIBRARIESMANAGER.SBR
C:\USERS\SK\DOCUMENTS\AMXX MODULES\AMXX SDK\AMXMODX-MASTER\MODULES\ORPHEU2.3ORION\MSVC8\RELEASE\LIBRARIESMANAGER.OBJ
C:\USERS\SK\DOCUMENTS\AMXX MODULES\AMXX SDK\AMXMODX-MASTER\MODULES\ORPHEU2.3ORION\MSVC8\RELEASE\CDETOURDIS.OBJ
C:\USERS\SK\DOCUMENTS\AMXX MODULES\AMXX SDK\AMXMODX-MASTER\MODULES\ORPHEU2.3ORION\MSVC8\RELEASE\JSON_READER.SBR
C:\USERS\SK\DOCUMENTS\AMXX MODULES\AMXX SDK\AMXMODX-MASTER\MODULES\ORPHEU2.3ORION\MSVC8\RELEASE\JSON_VALUE.SBR
C:\USERS\SK\DOCUMENTS\AMXX MODULES\AMXX SDK\AMXMODX-MASTER\MODULES\ORPHEU2.3ORION\MSVC8\RELEASE\JSON_VALUE.OBJ
C:\USERS\SK\DOCUMENTS\AMXX MODULES\AMXX SDK\AMXMODX-MASTER\MODULES\ORPHEU2.3ORION\MSVC8\RELEASE\JSON_READER.OBJ
C:\USERS\SK\DOCUMENTS\AMXX MODULES\AMXX SDK\AMXMODX-MASTER\MODULES\ORPHEU2.3ORION\MSVC8\RELEASE\
C:\Users\SK\Documents\Amxx Modules\Amxx sdk\amxmodx-master\modules\orpheu2.3Orion\msvc8\Release\CDetourDis.obj
C:\Users\SK\Documents\Amxx Modules\Amxx sdk\amxmodx-master\modules\orpheu2.3Orion\msvc8\Release\json_reader.obj
C:\Users\SK\Documents\Amxx Modules\Amxx sdk\amxmodx-master\modules\orpheu2.3Orion\msvc8\Release\json_value.obj
C:\Users\SK\Documents\Amxx Modules\Amxx sdk\amxmodx-master\modules\orpheu2.3Orion\msvc8\Release\librariesManager.obj
C:\Users\SK\Documents\Amxx Modules\Amxx sdk\amxmodx-master\modules\orpheu2.3Orion\msvc8\Release\cl.command.1.tlog
C:\Users\SK\Documents\Amxx Modules\Amxx sdk\amxmodx-master\modules\orpheu2.3Orion\msvc8\Release\CL.read.1.tlog
C:\Users\SK\Documents\Amxx Modules\Amxx sdk\amxmodx-master\modules\orpheu2.3Orion\msvc8\Release\CL.write.1.tlog
C:\Users\SK\Documents\Amxx Modules\Amxx sdk\amxmodx-master\modules\orpheu2.3Orion\msvc8\Release\vc110.pdb
C:\Users\SK\Documents\Amxx Modules\Amxx sdk\amxmodx-master\modules\orpheu2.3Orion\msvc8\Release\CDetourDis.sbr
C:\Users\SK\Documents\Amxx Modules\Amxx sdk\amxmodx-master\modules\orpheu2.3Orion\msvc8\Release\json_reader.sbr
C:\Users\SK\Documents\Amxx Modules\Amxx sdk\amxmodx-master\modules\orpheu2.3Orion\msvc8\Release\json_value.sbr
C:\Users\SK\Documents\Amxx Modules\Amxx sdk\amxmodx-master\modules\orpheu2.3Orion\msvc8\Release\librariesManager.sbr
